<?xml version="1.0" encoding="UTF-8"?>
<!-- Generated by org.testng.reporters.JUnitXMLReporter -->
<testsuite hostname="DESKTOP-V63LV7N" ignored="1" name="Default test" tests="1" failures="0" timestamp="11 Jul 2019 04:14:47 GMT" time="28.518" errors="0">
  <testcase name="testmyAccountpage" time="16.458" classname="scripts.TestLoginlogout"/>
  <testcase name="testHomepage" time="0.0" classname="scripts.TestRegisterPage">
    <ignored/>
  </testcase> <!-- testHomepage -->
</testsuite> <!-- Default test -->
